<?xml version="1.0" encoding="UTF-8"?>
<!-- Generated by org.testng.reporters.JUnitReportReporter -->
<testsuite hostname="baburao" failures="0" tests="2" name="TestNGFeatures.Keyword1" time="35.831" errors="0" timestamp="2023-07-06T15:55:29 IST" skipped="0">
  <testcase classname="TestNGFeatures.Keyword1" name="B" time="15.972"/>
  <testcase classname="TestNGFeatures.Keyword1" name="A" time="19.859"/>
</testsuite> <!-- TestNGFeatures.Keyword1 -->
