<?xml version="1.0" encoding="UTF-8"?>
<!-- Generated by org.testng.reporters.JUnitReportReporter -->
<testsuite hostname="baburao" failures="0" tests="1" name="demo.ddddddd" time="0.006" errors="0" timestamp="2023-07-05T22:19:28 IST" skipped="0">
  <testcase classname="demo.ddddddd" name="Googletitle" time="0.006"/>
</testsuite> <!-- demo.ddddddd -->
