<?xml version="1.0" encoding="UTF-8"?>
<!-- Generated by org.testng.reporters.JUnitReportReporter -->
<testsuite hostname="baburao" failures="0" tests="1" name="TestNGFeatures.day1" time="0.008" errors="0" timestamp="2023-07-07T13:56:26 IST" skipped="0">
  <testcase classname="TestNGFeatures.day1" name="Test5" time="0.008"/>
</testsuite> <!-- TestNGFeatures.day1 -->
