<?xml version="1.0" encoding="UTF-8"?>
<!-- Generated by org.testng.reporters.JUnitReportReporter -->
<testsuite hostname="baburao" failures="0" tests="2" name="TestNGFeatures.KeyWord" time="259.882" errors="0" timestamp="2023-07-07T14:06:42 IST" skipped="0">
  <testcase classname="TestNGFeatures.KeyWord" name="B" time="110.811"/>
  <testcase classname="TestNGFeatures.KeyWord" name="A" time="149.071"/>
</testsuite> <!-- TestNGFeatures.KeyWord -->
