<?xml version="1.0" encoding="UTF-8"?>
<!-- Generated by org.testng.reporters.JUnitReportReporter -->
<testsuite hostname="baburao" failures="0" tests="1" name="TestNGFeatures.day3" time="0.002" errors="0" timestamp="2023-07-07T13:56:26 IST" skipped="0">
  <testcase classname="TestNGFeatures.day3" name="Test4" time="0.002"/>
</testsuite> <!-- TestNGFeatures.day3 -->
