<?xml version="1.0" encoding="UTF-8"?>
<!-- Generated by org.testng.reporters.JUnitReportReporter -->
<testsuite hostname="baburao" failures="0" tests="2" name="Assertion.SoftAssertion" time="0.013" errors="0" timestamp="2023-07-11T12:38:00 IST" skipped="0">
  <testcase classname="Assertion.SoftAssertion" name="Demo" time="0.012"/>
  <testcase classname="Assertion.SoftAssertion" name="DemoTest" time="0.001"/>
</testsuite> <!-- Assertion.SoftAssertion -->
