<?xml version="1.0" encoding="UTF-8"?>
<!-- Generated by org.testng.reporters.JUnitReportReporter -->
<testsuite hostname="baburao" failures="0" tests="3" name="Annatation.Annatationtheory" time="0.007" errors="0" timestamp="2023-07-06T15:18:07 IST" skipped="0">
  <testcase classname="Annatation.Annatationtheory" name="googleTitle2" time="0.001"/>
  <testcase classname="Annatation.Annatationtheory" name="googleTitle1" time="0.004"/>
  <testcase classname="Annatation.Annatationtheory" name="googleTitle3" time="0.002"/>
</testsuite> <!-- Annatation.Annatationtheory -->
