<?xml version="1.0" encoding="UTF-8"?>
<!-- Generated by org.testng.reporters.JUnitReportReporter -->
<testsuite hostname="baburao" failures="0" tests="5" name="TestNGFeatures.EnabledXMLfile" time="1.298" errors="0" timestamp="2023-07-10T22:38:36 IST" skipped="0">
  <testcase classname="TestNGFeatures.EnabledXMLfile" name="Test2" time="0.000"/>
  <testcase classname="TestNGFeatures.EnabledXMLfile" name="A" time="1.240"/>
  <testcase classname="TestNGFeatures.EnabledXMLfile" name="B" time="0.053"/>
  <testcase classname="TestNGFeatures.EnabledXMLfile" name="Test3" time="0.000"/>
  <testcase classname="TestNGFeatures.EnabledXMLfile" name="Test1" time="0.005"/>
</testsuite> <!-- TestNGFeatures.EnabledXMLfile -->
