<?xml version="1.0" encoding="UTF-8"?>
<!-- Generated by org.testng.reporters.JUnitReportReporter -->
<testsuite hostname="baburao" failures="0" tests="5" name="Dataprovider.Firstprogram" time="101.255" errors="0" timestamp="2023-07-18T15:26:16 IST" skipped="0">
  <testcase classname="Dataprovider.Firstprogram" name="Logintest" time="20.434"/>
  <testcase classname="Dataprovider.Firstprogram" name="Logintest" time="20.875"/>
  <testcase classname="Dataprovider.Firstprogram" name="Logintest" time="18.489"/>
  <testcase classname="Dataprovider.Firstprogram" name="Logintest" time="19.528"/>
  <testcase classname="Dataprovider.Firstprogram" name="Logintest" time="21.929"/>
</testsuite> <!-- Dataprovider.Firstprogram -->
