<?xml version="1.0" encoding="UTF-8"?>
<!-- Generated by org.testng.reporters.JUnitReportReporter -->
<testsuite hostname="baburao" failures="0" tests="4" name="Dataprovider.secondprogram" time="49.737" errors="0" timestamp="2023-07-18T15:22:34 IST" skipped="0">
  <testcase classname="Dataprovider.secondprogram" name="LoginTest" time="13.229"/>
  <testcase classname="Dataprovider.secondprogram" name="LoginTest" time="16.299"/>
  <testcase classname="Dataprovider.secondprogram" name="LoginTest" time="10.088"/>
  <testcase classname="Dataprovider.secondprogram" name="LoginTest" time="10.121"/>
</testsuite> <!-- Dataprovider.secondprogram -->
