<?xml version="1.0" encoding="UTF-8"?>
<!-- Generated by org.testng.reporters.JUnitReportReporter -->
<testsuite hostname="baburao" failures="0" tests="4" name="TestNGFeatures.Priority2" time="45.515" errors="0" timestamp="2023-07-10T12:41:15 IST" skipped="0">
  <testcase classname="TestNGFeatures.Priority2" name="D" time="9.260"/>
  <testcase classname="TestNGFeatures.Priority2" name="B" time="8.530"/>
  <testcase classname="TestNGFeatures.Priority2" name="C" time="13.119"/>
  <testcase classname="TestNGFeatures.Priority2" name="A" time="14.606"/>
</testsuite> <!-- TestNGFeatures.Priority2 -->
