<?xml version="1.0" encoding="UTF-8"?>
<!-- Generated by org.testng.reporters.JUnitReportReporter -->
<testsuite hostname="baburao" failures="0" tests="2" name="TestNGFeatures.Day2" time="0.004" errors="0" timestamp="2023-07-07T13:56:26 IST" skipped="0">
  <testcase classname="TestNGFeatures.Day2" name="Test3" time="0.002"/>
  <testcase classname="TestNGFeatures.Day2" name="Test2" time="0.002"/>
</testsuite> <!-- TestNGFeatures.Day2 -->
