<?xml version="1.0" encoding="UTF-8"?>
<!-- Generated by org.testng.reporters.JUnitReportReporter -->
<testsuite hostname="baburao" failures="0" tests="2" name="ParallelTesting.Demo" time="114.933" errors="0" timestamp="2023-07-11T13:20:02 IST" skipped="0">
  <testcase classname="ParallelTesting.Demo" name="setup" time="99.723"/>
  <testcase classname="ParallelTesting.Demo" name="setup1" time="15.210"/>
</testsuite> <!-- ParallelTesting.Demo -->
