<?xml version="1.0" encoding="UTF-8"?>
<!-- Generated by org.testng.reporters.JUnitReportReporter -->
<testsuite hostname="baburao" failures="0" tests="3" name="TestNGFeatures.DEMO" time="57.724" errors="0" timestamp="2023-07-06T15:51:34 IST" skipped="0">
  <testcase classname="TestNGFeatures.DEMO" name="B" time="19.295"/>
  <testcase classname="TestNGFeatures.DEMO" name="A" time="18.503"/>
  <testcase classname="TestNGFeatures.DEMO" name="C" time="19.926"/>
</testsuite> <!-- TestNGFeatures.DEMO -->
