<?xml version="1.0" encoding="UTF-8"?>
<!-- Generated by org.testng.reporters.JUnitReportReporter -->
<testsuite hostname="baburao" failures="0" tests="1" name="BYjus.Byjus2" time="24.153" errors="0" timestamp="2023-07-11T12:10:57 IST" skipped="0">
  <testcase classname="BYjus.Byjus2" name="Byjus" time="24.153"/>
</testsuite> <!-- BYjus.Byjus2 -->
