<?xml version="1.0" encoding="UTF-8"?>
<!-- Generated by org.testng.reporters.JUnitReportReporter -->
<testsuite hostname="baburao" failures="0" tests="5" name="TestNGFeatures.Enabled1" time="0.447" errors="0" timestamp="2023-07-10T22:29:38 IST" skipped="2">
  <testcase classname="TestNGFeatures.Enabled1" name="Test2" time="0.001"/>
  <testcase classname="TestNGFeatures.Enabled1" name="Test3" time="0.000"/>
  <testcase classname="TestNGFeatures.Enabled1" name="B" time="0.446"/>
  <testcase classname="TestNGFeatures.Enabled1" name="A">
    <skipped/>
  </testcase> <!-- A -->
  <testcase classname="TestNGFeatures.Enabled1" name="Test1">
    <skipped/>
  </testcase> <!-- Test1 -->
</testsuite> <!-- TestNGFeatures.Enabled1 -->
